androidapp/app/build/intermediates/manifest_merge_blame_file/debug/manifest-merger-blame-debug-report.txt
1<?xml version="1.0" encoding="utf-8"?>
2<manifest xmlns:android="http://schemas.android.com/apk/res/android"
3    package="com.example.cinebook"
4    android:versionCode="1"
5    android:versionName="1.0" >
6
7    <uses-sdk
8        android:minSdkVersion="24"
9        android:targetSdkVersion="36" />
10
11    <uses-permission android:name="android.permission.INTERNET" />
11-->src\main\AndroidManifest.xml:4:5-67
11-->src\main\AndroidManifest.xml:4:22-64
12    <uses-permission android:name="android.permission.ACCESS_NETWORK_STATE" />
12-->src\main\AndroidManifest.xml:5:5-79
12-->src\main\AndroidManifest.xml:5:22-76
13    <uses-permission android:name="android.permission.POST_NOTIFICATIONS" />
13-->src\main\AndroidManifest.xml:6:5-77
13-->src\main\AndroidManifest.xml:6:22-74
14    <uses-permission android:name="android.permission.SCHEDULE_EXACT_ALARM" />
14-->src\main\AndroidManifest.xml:7:5-79
14-->src\main\AndroidManifest.xml:7:22-76
15    <uses-permission android:name="android.permission.RECEIVE_BOOT_COMPLETED" />
15-->src\main\AndroidManifest.xml:8:5-81
15-->src\main\AndroidManifest.xml:8:22-78
16
17    <permission
17-->[androidx.core:core:1.9.0] AndroidManifest.xml:22:5-24:47
18        android:name="com.example.cinebook.DYNAMIC_RECEIVER_NOT_EXPORTED_PERMISSION"
18-->[androidx.core:core:1.9.0] AndroidManifest.xml:23:9-81
19        android:protectionLevel="signature" />
19-->[androidx.core:core:1.9.0] AndroidManifest.xml:24:9-44
20
21    <uses-permission android:name="com.example.cinebook.DYNAMIC_RECEIVER_NOT_EXPORTED_PERMISSION" />
21-->[androidx.core:core:1.9.0] AndroidManifest.xml:26:5-97
21-->[androidx.core:core:1.9.0] AndroidManifest.xml:26:22-94
22
23    <application
23-->src\main\AndroidManifest.xml:10:5-53:19
24        android:name="com.example.cinebook.CineBookApp"
24-->src\main\AndroidManifest.xml:11:9-36
25        android:allowBackup="true"
25-->src\main\AndroidManifest.xml:12:9-35
26        android:appComponentFactory="androidx.core.app.CoreComponentFactory"
26-->[androidx.core:core:1.9.0] AndroidManifest.xml:28:18-86
27        android:debuggable="true"
28        android:extractNativeLibs="false"
29        android:icon="@drawable/ic_launcher"
29-->src\main\AndroidManifest.xml:13:9-45
30        android:label="@string/app_name"
30-->src\main\AndroidManifest.xml:14:9-41
31        android:testOnly="true"
32        android:theme="@style/Theme.CineBook"
32-->src\main\AndroidManifest.xml:15:9-46
33        android:usesCleartextTraffic="true" >
33-->src\main\AndroidManifest.xml:16:9-44
34        <activity
34-->src\main\AndroidManifest.xml:18:9-25:20
35            android:name="com.example.cinebook.ui.LoginActivity"
35-->src\main\AndroidManifest.xml:19:13-45
36            android:exported="true" >
36-->src\main\AndroidManifest.xml:20:13-36
37            <intent-filter>
37-->src\main\AndroidManifest.xml:21:13-24:29
38                <action android:name="android.intent.action.MAIN" />
38-->src\main\AndroidManifest.xml:22:17-69
38-->src\main\AndroidManifest.xml:22:25-66
39
40                <category android:name="android.intent.category.LAUNCHER" />
40-->src\main\AndroidManifest.xml:23:17-77
40-->src\main\AndroidManifest.xml:23:27-74
41            </intent-filter>
42        </activity>
43        <activity
43-->src\main\AndroidManifest.xml:27:9-78
44            android:name="com.example.cinebook.ui.MainActivity"
44-->src\main\AndroidManifest.xml:27:19-50
45            android:exported="false" />
45-->src\main\AndroidManifest.xml:27:51-75
46        <activity
46-->src\main\AndroidManifest.xml:28:9-85
47            android:name="com.example.cinebook.ui.MovieDetailActivity"
47-->src\main\AndroidManifest.xml:28:19-57
48            android:exported="false" />
48-->src\main\AndroidManifest.xml:28:58-82
49        <activity
49-->src\main\AndroidManifest.xml:29:9-86
50            android:name="com.example.cinebook.ui.AddEditMovieActivity"
50-->src\main\AndroidManifest.xml:29:19-58
51            android:exported="false" />
51-->src\main\AndroidManifest.xml:29:59-83
52        <activity
52-->src\main\AndroidManifest.xml:30:9-88
53            android:name="com.example.cinebook.ui.MyReservationsActivity"
53-->src\main\AndroidManifest.xml:30:19-60
54            android:exported="false" />
54-->src\main\AndroidManifest.xml:30:61-85
55        <activity
55-->src\main\AndroidManifest.xml:31:9-83
56            android:name="com.example.cinebook.ui.CinemaMapActivity"
56-->src\main\AndroidManifest.xml:31:19-55
57            android:exported="false" />
57-->src\main\AndroidManifest.xml:31:56-80
58
59        <!-- Content provider za lokalni (offline) watchlist -->
60        <provider
60-->src\main\AndroidManifest.xml:34:9-37:40
61            android:name="com.example.cinebook.provider.WatchlistProvider"
61-->src\main\AndroidManifest.xml:35:13-55
62            android:authorities="com.example.cinebook.provider"
62-->src\main\AndroidManifest.xml:36:13-64
63            android:exported="false" />
63-->src\main\AndroidManifest.xml:37:13-37
64
65        <!-- Broadcast receiver koji prikazuje notifikaciju kad alarm okine -->
66        <receiver
66-->src\main\AndroidManifest.xml:40:9-42:40
67            android:name="com.example.cinebook.notification.ReservationReminderReceiver"
67-->src\main\AndroidManifest.xml:41:13-69
68            android:exported="false" />
68-->src\main\AndroidManifest.xml:42:13-37
69
70        <!-- Ponovno zakazivanje alarma nakon restarta uredjaja -->
71        <receiver
71-->src\main\AndroidManifest.xml:45:9-51:20
72            android:name="com.example.cinebook.notification.BootReceiver"
72-->src\main\AndroidManifest.xml:46:13-54
73            android:exported="true" >
73-->src\main\AndroidManifest.xml:47:13-36
74            <intent-filter>
74-->src\main\AndroidManifest.xml:48:13-50:29
75                <action android:name="android.intent.action.BOOT_COMPLETED" />
75-->src\main\AndroidManifest.xml:49:17-79
75-->src\main\AndroidManifest.xml:49:25-76
76            </intent-filter>
77        </receiver>
78
79        <provider
79-->[androidx.emoji2:emoji2:1.2.0] AndroidManifest.xml:24:9-32:20
80            android:name="androidx.startup.InitializationProvider"
80-->[androidx.emoji2:emoji2:1.2.0] AndroidManifest.xml:25:13-67
81            android:authorities="com.example.cinebook.androidx-startup"
81-->[androidx.emoji2:emoji2:1.2.0] AndroidManifest.xml:26:13-68
82            android:exported="false" >
82-->[androidx.emoji2:emoji2:1.2.0] AndroidManifest.xml:27:13-37
83            <meta-data
83-->[androidx.emoji2:emoji2:1.2.0] AndroidManifest.xml:29:13-31:52
84                android:name="androidx.emoji2.text.EmojiCompatInitializer"
84-->[androidx.emoji2:emoji2:1.2.0] AndroidManifest.xml:30:17-75
85                android:value="androidx.startup" />
85-->[androidx.emoji2:emoji2:1.2.0] AndroidManifest.xml:31:17-49
86            <meta-data
86-->[androidx.lifecycle:lifecycle-process:2.6.1] AndroidManifest.xml:29:13-31:52
87                android:name="androidx.lifecycle.ProcessLifecycleInitializer"
87-->[androidx.lifecycle:lifecycle-process:2.6.1] AndroidManifest.xml:30:17-78
88                android:value="androidx.startup" />
88-->[androidx.lifecycle:lifecycle-process:2.6.1] AndroidManifest.xml:31:17-49
89            <meta-data
89-->[androidx.profileinstaller:profileinstaller:1.3.0] AndroidManifest.xml:29:13-31:52
90                android:name="androidx.profileinstaller.ProfileInstallerInitializer"
90-->[androidx.profileinstaller:profileinstaller:1.3.0] AndroidManifest.xml:30:17-85
91                android:value="androidx.startup" />
91-->[androidx.profileinstaller:profileinstaller:1.3.0] AndroidManifest.xml:31:17-49
92        </provider>
93
94        <receiver
94-->[androidx.profileinstaller:profileinstaller:1.3.0] AndroidManifest.xml:34:9-52:20
95            android:name="androidx.profileinstaller.ProfileInstallReceiver"
95-->[androidx.profileinstaller:profileinstaller:1.3.0] AndroidManifest.xml:35:13-76
96            android:directBootAware="false"
96-->[androidx.profileinstaller:profileinstaller:1.3.0] AndroidManifest.xml:36:13-44
97            android:enabled="true"
97-->[androidx.profileinstaller:profileinstaller:1.3.0] AndroidManifest.xml:37:13-35
98            android:exported="true"
98-->[androidx.profileinstaller:profileinstaller:1.3.0] AndroidManifest.xml:38:13-36
99            android:permission="android.permission.DUMP" >
99-->[androidx.profileinstaller:profileinstaller:1.3.0] AndroidManifest.xml:39:13-57
100            <intent-filter>
100-->[androidx.profileinstaller:profileinstaller:1.3.0] AndroidManifest.xml:40:13-42:29
101                <action android:name="androidx.profileinstaller.action.INSTALL_PROFILE" />
101-->[androidx.profileinstaller:profileinstaller:1.3.0] AndroidManifest.xml:41:17-91
101-->[androidx.profileinstaller:profileinstaller:1.3.0] AndroidManifest.xml:41:25-88
102            </intent-filter>
103            <intent-filter>
103-->[androidx.profileinstaller:profileinstaller:1.3.0] AndroidManifest.xml:43:13-45:29
104                <action android:name="androidx.profileinstaller.action.SKIP_FILE" />
104-->[androidx.profileinstaller:profileinstaller:1.3.0] AndroidManifest.xml:44:17-85
104-->[androidx.profileinstaller:profileinstaller:1.3.0] AndroidManifest.xml:44:25-82
105            </intent-filter>
106            <intent-filter>
106-->[androidx.profileinstaller:profileinstaller:1.3.0] AndroidManifest.xml:46:13-48:29
107                <action android:name="androidx.profileinstaller.action.SAVE_PROFILE" />
107-->[androidx.profileinstaller:profileinstaller:1.3.0] AndroidManifest.xml:47:17-88
107-->[androidx.profileinstaller:profileinstaller:1.3.0] AndroidManifest.xml:47:25-85
108            </intent-filter>
109            <intent-filter>
109-->[androidx.profileinstaller:profileinstaller:1.3.0] AndroidManifest.xml:49:13-51:29
110                <action android:name="androidx.profileinstaller.action.BENCHMARK_OPERATION" />
110-->[androidx.profileinstaller:profileinstaller:1.3.0] AndroidManifest.xml:50:17-95
110-->[androidx.profileinstaller:profileinstaller:1.3.0] AndroidManifest.xml:50:25-92
111            </intent-filter>
112        </receiver>
113    </application>
114
115</manifest>